TN:
SF:config\jest\jestEmptyComponent.tsx
FN:5,jestEmptyComponent
FNF:1
FNH:1
FNDA:6,jestEmptyComponent
DA:1,1
DA:2,1
DA:3,1
DA:4,1
DA:5,1
DA:6,6
DA:7,6
DA:8,1
DA:9,1
LF:9
LH:9
BRDA:5,0,0,6
BRF:1
BRH:1
end_of_record
TN:
SF:config\jest\jestPictureMock.ts
FNF:0
FNH:0
DA:1,1
DA:2,1
LF:2
LH:2
BRF:0
BRH:0
end_of_record
TN:
SF:src\App\App.tsx
FN:10,App
FN:12,handleClick
FNF:2
FNH:2
FNDA:6,App
FNDA:1,handleClick
DA:1,1
DA:2,1
DA:3,1
DA:4,1
DA:5,1
DA:6,1
DA:7,1
DA:8,1
DA:9,1
DA:10,1
DA:11,6
DA:12,6
DA:13,1
DA:14,1
DA:15,6
DA:16,6
DA:17,6
DA:18,6
DA:19,6
DA:20,6
DA:21,1
DA:22,1
DA:23,1
DA:24,1
DA:25,6
DA:26,6
DA:27,6
DA:28,6
DA:29,6
DA:30,6
DA:31,1
DA:32,1
LF:32
LH:32
BRDA:10,0,0,6
BRDA:18,1,0,0
BRDA:21,2,0,1
BRDA:12,3,0,1
BRF:4
BRH:3
end_of_record
TN:
SF:src\shared\Button\Button.async.tsx
FNF:0
FNH:0
DA:1,1
DA:2,1
DA:3,1
DA:4,1
DA:5,1
DA:6,1
LF:6
LH:6
BRDA:6,0,0,1
BRDA:6,1,0,1
BRF:2
BRH:2
end_of_record
TN:
SF:src\shared\Button\Button.tsx
FN:9,Button
FNF:1
FNH:1
FNDA:3,Button
DA:1,1
DA:2,1
DA:3,1
DA:4,1
DA:5,1
DA:6,1
DA:7,1
DA:8,1
DA:9,1
DA:10,3
DA:11,3
DA:12,3
DA:13,3
DA:14,3
DA:15,3
DA:16,3
DA:17,3
DA:18,3
DA:19,3
DA:20,3
DA:21,3
DA:22,3
DA:23,1
DA:24,1
LF:24
LH:24
BRDA:9,0,0,3
BRF:1
BRH:1
end_of_record
TN:
SF:src\shared\lib\nameSelector\nameSelector.ts
FN:5,nameSelector
FNF:1
FNH:1
FNDA:2,nameSelector
DA:1,1
DA:2,1
DA:3,1
DA:4,1
DA:5,1
LF:5
LH:5
BRDA:5,0,0,2
BRF:1
BRH:1
end_of_record
